c:\users\maxmi\documents\fh\swo\c-code\homework\ue06\tetris\build\tetris.dir\debug\main.obj
c:\users\maxmi\documents\fh\swo\c-code\homework\ue06\tetris\build\tetris.dir\debug\types.obj
c:\users\maxmi\documents\fh\swo\c-code\homework\ue06\tetris\build\tetris.dir\debug\timer.obj
c:\users\maxmi\documents\fh\swo\c-code\homework\ue06\tetris\build\tetris.dir\debug\game_board.obj
c:\users\maxmi\documents\fh\swo\c-code\homework\ue06\tetris\build\tetris.dir\debug\current_block.obj
c:\users\maxmi\documents\fh\swo\c-code\homework\ue06\tetris\build\tetris.dir\debug\game_engine.obj
c:\users\maxmi\documents\fh\swo\c-code\homework\ue06\tetris\build\tetris.dir\debug\vc142.pdb
c:\users\maxmi\documents\fh\swo\c-code\homework\ue06\tetris\build\cmakefiles\generate.stamp
c:\users\maxmi\documents\fh\swo\c-code\homework\ue06\tetris\build\bin\debug\tetris.exe
c:\users\maxmi\documents\fh\swo\c-code\homework\ue06\tetris\build\bin\debug\tetris.ilk
c:\users\maxmi\documents\fh\swo\c-code\homework\ue06\tetris\build\bin\debug\tetris.pdb
c:\users\maxmi\documents\fh\swo\c-code\homework\ue06\tetris\build\tetris.dir\debug\tetris.tlog\cl.command.1.tlog
c:\users\maxmi\documents\fh\swo\c-code\homework\ue06\tetris\build\tetris.dir\debug\tetris.tlog\cl.read.1.tlog
c:\users\maxmi\documents\fh\swo\c-code\homework\ue06\tetris\build\tetris.dir\debug\tetris.tlog\cl.write.1.tlog
c:\users\maxmi\documents\fh\swo\c-code\homework\ue06\tetris\build\tetris.dir\debug\tetris.tlog\custombuild.command.1.tlog
c:\users\maxmi\documents\fh\swo\c-code\homework\ue06\tetris\build\tetris.dir\debug\tetris.tlog\custombuild.read.1.tlog
c:\users\maxmi\documents\fh\swo\c-code\homework\ue06\tetris\build\tetris.dir\debug\tetris.tlog\custombuild.write.1.tlog
c:\users\maxmi\documents\fh\swo\c-code\homework\ue06\tetris\build\tetris.dir\debug\tetris.tlog\link.command.1.tlog
c:\users\maxmi\documents\fh\swo\c-code\homework\ue06\tetris\build\tetris.dir\debug\tetris.tlog\link.read.1.tlog
c:\users\maxmi\documents\fh\swo\c-code\homework\ue06\tetris\build\tetris.dir\debug\tetris.tlog\link.write.1.tlog
